=== Daily End-of-Day Backup: testbed ===
Date: 2026-05-27 18:00:33

1. Workspace git sync... ✅
   └─ Changes committed, pushed successfully
2. Granular backup... ✅
   └─ Backed up 10 files to testbed-2026-05-27_18-00
3. Update HANDOFF.md... ✅
   └─ Updated HANDOFF.md (275 bytes)
4. Commit backup to git... ✅
   └─ Backup committed and pushed

✅ All backup operations completed successfully
=== Daily End-of-Day Backup: testbed ===
Date: 2026-05-28 18:00:33

1. Workspace git sync... ✅
   └─ Changes committed, pushed successfully
2. Granular backup... ✅
   └─ Backed up 10 files to testbed-2026-05-28_18-00
3. Update HANDOFF.md... ✅
   └─ Updated HANDOFF.md (275 bytes)
4. Commit backup to git... ✅
   └─ Backup committed and pushed

✅ All backup operations completed successfully
=== Daily End-of-Day Backup: testbed ===
Date: 2026-05-29 18:00:33

1. Workspace git sync... ✅
   └─ Changes committed, pushed successfully
2. Granular backup... ✅
   └─ Backed up 10 files to testbed-2026-05-29_18-00
3. Update HANDOFF.md... ✅
   └─ Updated HANDOFF.md (275 bytes)
4. Commit backup to git... ✅
   └─ Backup committed and pushed

✅ All backup operations completed successfully
=== Daily End-of-Day Backup: testbed ===
Date: 2026-05-30 18:00:33

1. Workspace git sync... ✅
   └─ Changes committed, pushed successfully
2. Granular backup... ✅
   └─ Backed up 10 files to testbed-2026-05-30_18-00
3. Update HANDOFF.md... ✅
   └─ Updated HANDOFF.md (275 bytes)
4. Commit backup to git... ✅
   └─ Backup committed and pushed

✅ All backup operations completed successfully
=== Daily End-of-Day Backup: testbed ===
Date: 2026-05-31 18:00:33

1. Workspace git sync... ✅
   └─ Changes committed, pushed successfully
2. Granular backup... ✅
   └─ Backed up 10 files to testbed-2026-05-31_18-00
3. Update HANDOFF.md... ✅
   └─ Updated HANDOFF.md (275 bytes)
4. Commit backup to git... ✅
   └─ Backup committed and pushed

✅ All backup operations completed successfully
=== Daily End-of-Day Backup: testbed ===
Date: 2026-06-01 18:00:33

1. Workspace git sync... ✅
   └─ Changes committed, pushed successfully
2. Granular backup... ✅
   └─ Backed up 10 files to testbed-2026-06-01_18-00
3. Update HANDOFF.md... ✅
   └─ Updated HANDOFF.md (275 bytes)
4. Commit backup to git... ✅
   └─ Backup committed and pushed

✅ All backup operations completed successfully
=== Daily End-of-Day Backup: testbed ===
Date: 2026-06-02 18:00:33

1. Workspace git sync... ✅
   └─ Changes committed, pushed successfully
2. Granular backup... ✅
   └─ Backed up 10 files to testbed-2026-06-02_18-00
3. Update HANDOFF.md... ✅
   └─ Updated HANDOFF.md (275 bytes)
4. Commit backup to git... ✅
   └─ Backup committed and pushed

✅ All backup operations completed successfully
=== Daily End-of-Day Backup: testbed ===
Date: 2026-06-03 18:00:33

1. Workspace git sync... ✅
   └─ Changes committed, pushed successfully
2. Granular backup... ✅
   └─ Backed up 10 files to testbed-2026-06-03_18-00
3. Update HANDOFF.md... ✅
   └─ Updated HANDOFF.md (275 bytes)
4. Commit backup to git... ✅
   └─ Backup committed and pushed

✅ All backup operations completed successfully
=== Daily End-of-Day Backup: testbed ===
Date: 2026-06-04 18:00:33

1. Workspace git sync... ✅
   └─ Changes committed, pushed successfully
2. Granular backup... ✅
   └─ Backed up 10 files to testbed-2026-06-04_18-00
3. Update HANDOFF.md... ✅
   └─ Updated HANDOFF.md (275 bytes)
4. Commit backup to git... ✅
   └─ Backup committed and pushed

✅ All backup operations completed successfully
=== Daily End-of-Day Backup: testbed ===
Date: 2026-06-05 18:00:33

1. Workspace git sync... ✅
   └─ Changes committed, pushed successfully
2. Granular backup... ✅
   └─ Backed up 10 files to testbed-2026-06-05_18-00
3. Update HANDOFF.md... ✅
   └─ Updated HANDOFF.md (275 bytes)
4. Commit backup to git... ✅
   └─ Backup committed and pushed

✅ All backup operations completed successfully
=== Daily End-of-Day Backup: testbed ===
Date: 2026-06-06 18:00:33

1. Workspace git sync... ✅
   └─ Changes committed, pushed successfully
2. Granular backup... ✅
   └─ Backed up 10 files to testbed-2026-06-06_18-00
3. Update HANDOFF.md... ✅
   └─ Updated HANDOFF.md (275 bytes)
4. Commit backup to git... ✅
   └─ Backup committed and pushed

✅ All backup operations completed successfully
=== Daily End-of-Day Backup: testbed ===
Date: 2026-06-07 18:00:33

1. Workspace git sync... ✅
   └─ Changes committed, pushed successfully
2. Granular backup... ✅
   └─ Backed up 10 files to testbed-2026-06-07_18-00
3. Update HANDOFF.md... ✅
   └─ Updated HANDOFF.md (275 bytes)
4. Commit backup to git... ✅
   └─ Backup committed and pushed

✅ All backup operations completed successfully
=== Daily End-of-Day Backup: testbed ===
Date: 2026-06-08 18:00:33

1. Workspace git sync... ✅
   └─ Changes committed, pushed successfully
2. Granular backup... ✅
   └─ Backed up 10 files to testbed-2026-06-08_18-00
3. Update HANDOFF.md... ✅
   └─ Updated HANDOFF.md (275 bytes)
4. Commit backup to git... ✅
   └─ Backup committed and pushed

✅ All backup operations completed successfully
=== Daily End-of-Day Backup: testbed ===
Date: 2026-06-09 18:00:33

1. Workspace git sync... ✅
   └─ Changes committed, pushed successfully
2. Granular backup... ✅
   └─ Backed up 10 files to testbed-2026-06-09_18-00
3. Update HANDOFF.md... ✅
   └─ Updated HANDOFF.md (275 bytes)
4. Commit backup to git... ✅
   └─ Backup committed and pushed

✅ All backup operations completed successfully
=== Daily End-of-Day Backup: testbed ===
Date: 2026-06-10 18:00:33

1. Workspace git sync... ✅
   └─ Changes committed, pushed successfully
2. Granular backup... ✅
   └─ Backed up 10 files to testbed-2026-06-10_18-00
3. Update HANDOFF.md... ✅
   └─ Updated HANDOFF.md (275 bytes)
4. Commit backup to git... ✅
   └─ Backup committed and pushed

✅ All backup operations completed successfully
=== Daily End-of-Day Backup: testbed ===
Date: 2026-06-11 18:00:33

1. Workspace git sync... ✅
   └─ Changes committed, pushed successfully
2. Granular backup... ✅
   └─ Backed up 10 files to testbed-2026-06-11_18-00
3. Update HANDOFF.md... ✅
   └─ Updated HANDOFF.md (275 bytes)
4. Commit backup to git... ✅
   └─ Backup committed and pushed

✅ All backup operations completed successfully
=== Daily End-of-Day Backup: testbed ===
Date: 2026-06-12 18:00:33

1. Workspace git sync... ✅
   └─ Changes committed, pushed successfully
2. Granular backup... ✅
   └─ Backed up 10 files to testbed-2026-06-12_18-00
3. Update HANDOFF.md... ✅
   └─ Updated HANDOFF.md (275 bytes)
4. Commit backup to git... ✅
   └─ Backup committed and pushed

✅ All backup operations completed successfully
=== Daily End-of-Day Backup: testbed ===
Date: 2026-06-13 18:00:33

1. Workspace git sync... ✅
   └─ Changes committed, pushed successfully
2. Granular backup... ✅
   └─ Backed up 10 files to testbed-2026-06-13_18-00
3. Update HANDOFF.md... ✅
   └─ Updated HANDOFF.md (275 bytes)
4. Commit backup to git... ✅
   └─ Backup committed and pushed

✅ All backup operations completed successfully
=== Daily End-of-Day Backup: testbed ===
Date: 2026-06-14 18:00:33

1. Workspace git sync... 